<?xml version="1.0" encoding="UTF-8"?>
<!-- Generated by org.testng.reporters.JUnitReportReporter -->
<testsuite hostname="LAPTOP-LP00NI2V" failures="0" tests="1" name="TestCases.HomeTest" time="3.928" errors="0" timestamp="2022-07-08T00:28:12 IST" skipped="0">
  <testcase classname="TestCases.HomeTest" name="Home2" time="3.928"/>
  <system-out/>
</testsuite> <!-- TestCases.HomeTest -->
