<?xml version="1.0" encoding="UTF-8"?>
<!-- Generated by org.testng.reporters.JUnitReportReporter -->
<testsuite hostname="LAPTOP-LP00NI2V" failures="0" tests="1" name="TestCases.WorkerTest" time="25.258" errors="0" timestamp="2022-07-08T02:01:40 IST" skipped="0">
  <testcase classname="TestCases.WorkerTest" name="Home4" time="25.258"/>
  <system-out/>
</testsuite> <!-- TestCases.WorkerTest -->
