<?xml version="1.0" encoding="UTF-8"?>
<!-- Generated by org.testng.reporters.JUnitReportReporter -->
<testsuite hostname="LAPTOP-LP00NI2V" failures="0" tests="1" name="TestCase.Loginpage" time="11.957" errors="0" timestamp="2022-06-30T17:37:05 IST" skipped="0">
  <testcase classname="TestCase.Loginpage" name="login" time="11.957"/>
  <system-out/>
</testsuite> <!-- TestCase.Loginpage -->
